  GamePCH.cpp
  ImguiManager.cpp
  WinMain.cpp
  Memory.cpp
  AudioCue.cpp
  SoundPlayerXAudio.cpp
  WaveLoader.cpp
  FBODefinition.cpp
  Game.cpp
  ResourceManager.cpp
  Scene.cpp
  Tween.cpp
  TweenFuncs.cpp
  Box2DContactListener.cpp
  Box2DWorld.cpp
  BlueBossObject.cpp
  BossObject.cpp
  RedBossObject.cpp
  CameraObject.cpp
  FBOmenu.cpp
  GameObject.cpp
  Generating Code...
  Compiling...
  HealthBarObject.cpp
  ParticleObject.cpp
  PlayerController.cpp
  PlayerObject.cpp
  FirePillarObject.cpp
  LazerObject.cpp
  MagicCircleObject.cpp
  ProjectileObject.cpp
  ScoreObject.cpp
  SkyBoxObject.cpp
  BlueBossScene.cpp
  BothBoss.cpp
  DiffcultyConfirm.cpp
  HUDScene.cpp
  MainMenuScene.cpp
  OptionsMenu.cpp
  OptionsMenuConfirm.cpp
  SampleScene.cpp
  SceneManager.cpp
  ScoreMenu.cpp
  Generating Code...
  Compiling...
  TitleMenu.cpp
  Mesh.cpp
  MeshShapes.cpp
  Generating Code...
     Creating library C:\Users\kylej\Desktop\New folder (3)\FuriLite\Output\Game\Win32\Debug\Game.lib and object C:\Users\kylej\Desktop\New folder (3)\FuriLite\Output\Game\Win32\Debug\Game.exp
  Game.vcxproj -> C:\Users\kylej\Desktop\New folder (3)\FuriLite\Output\Game\Win32\Debug\Game.exe
